# JRE version: OpenJDK Runtime Environment (8.0_242-b01) (build 1.8.0_242-release-1644-b01)
# Java VM: OpenJDK 64-Bit Server VM (25.242-b01 mixed mode windows-amd64 compressed oops)
Heap:
 PSYoungGen      total 404992K, used 332800K [0x00000000e0000000, 0x00000000fda00000, 0x0000000100000000)
  eden space 332800K, 100% used [0x00000000e0000000,0x00000000f4500000,0x00000000f4500000)
  from space 72192K, 0% used [0x00000000f9380000,0x00000000f9380000,0x00000000fda00000)
  to   space 76288K, 32% used [0x00000000f4500000,0x00000000f5d84050,0x00000000f8f80000)
 ParOldGen       total 242688K, used 80327K [0x00000000a0000000, 0x00000000aed00000, 0x00000000e0000000)
  object space 242688K, 33% used [0x00000000a0000000,0x00000000a4e71f88,0x00000000aed00000)
 Metaspace       used 150359K, capacity 157358K, committed 159252K, reserved 1187840K
  class space    used 18699K, capacity 20063K, committed 20540K, reserved 1048576K
GC Heap History (10 events):
Event: 2593.743 GC heap after
Heap after GC invocations=27 (full 4):
 PSYoungGen      total 423424K, used 66364K [0x00000000e0000000, 0x00000000ff980000, 0x0000000100000000)
  eden space 356864K, 0% used [0x00000000e0000000,0x00000000e0000000,0x00000000f5c80000)
  from space 66560K, 99% used [0x00000000f6900000,0x00000000fa9cf048,0x00000000faa00000)
  to   space 80384K, 0% used [0x00000000fab00000,0x00000000fab00000,0x00000000ff980000)
 ParOldGen       total 242688K, used 81377K [0x00000000a0000000, 0x00000000aed00000, 0x00000000e0000000)
  object space 242688K, 33% used [0x00000000a0000000,0x00000000a4f78638,0x00000000aed00000)
 Metaspace       used 140268K, capacity 147522K, committed 147732K, reserved 1177600K
  class space    used 17778K, capacity 19225K, committed 19260K, reserved 1048576K
}
Event: 2600.183 GC heap before
{Heap before GC invocations=28 (full 4):
 PSYoungGen      total 423424K, used 423228K [0x00000000e0000000, 0x00000000ff980000, 0x0000000100000000)
  eden space 356864K, 100% used [0x00000000e0000000,0x00000000f5c80000,0x00000000f5c80000)
  from space 66560K, 99% used [0x00000000f6900000,0x00000000fa9cf048,0x00000000faa00000)
  to   space 80384K, 0% used [0x00000000fab00000,0x00000000fab00000,0x00000000ff980000)
 ParOldGen       total 242688K, used 81377K [0x00000000a0000000, 0x00000000aed00000, 0x00000000e0000000)
  object space 242688K, 33% used [0x00000000a0000000,0x00000000a4f78638,0x00000000aed00000)
 Metaspace       used 142520K, capacity 150000K, committed 150292K, reserved 1179648K
  class space    used 17955K, capacity 19413K, committed 19516K, reserved 1048576K
Event: 2600.232 GC heap after
Heap after GC invocations=28 (full 4):
 PSYoungGen      total 416768K, used 54107K [0x00000000e0000000, 0x00000000ff180000, 0x0000000100000000)
  eden space 344576K, 0% used [0x00000000e0000000,0x00000000e0000000,0x00000000f5080000)
  from space 72192K, 74% used [0x00000000fab00000,0x00000000fdfd6c40,0x00000000ff180000)
  to   space 82432K, 0% used [0x00000000f5080000,0x00000000f5080000,0x00000000fa100000)
 ParOldGen       total 242688K, used 81385K [0x00000000a0000000, 0x00000000aed00000, 0x00000000e0000000)
  object space 242688K, 33% used [0x00000000a0000000,0x00000000a4f7a638,0x00000000aed00000)
 Metaspace       used 142520K, capacity 150000K, committed 150292K, reserved 1179648K
  class space    used 17955K, capacity 19413K, committed 19516K, reserved 1048576K
}
Event: 3150.555 GC heap before
{Heap before GC invocations=29 (full 4):
 PSYoungGen      total 416768K, used 398683K [0x00000000e0000000, 0x00000000ff180000, 0x0000000100000000)
  eden space 344576K, 100% used [0x00000000e0000000,0x00000000f5080000,0x00000000f5080000)
  from space 72192K, 74% used [0x00000000fab00000,0x00000000fdfd6c40,0x00000000ff180000)
  to   space 82432K, 0% used [0x00000000f5080000,0x00000000f5080000,0x00000000fa100000)
 ParOldGen       total 242688K, used 81385K [0x00000000a0000000, 0x00000000aed00000, 0x00000000e0000000)
  object space 242688K, 33% used [0x00000000a0000000,0x00000000a4f7a638,0x00000000aed00000)
 Metaspace       used 143014K, capacity 150792K, committed 150932K, reserved 1181696K
  class space    used 18003K, capacity 19517K, committed 19644K, reserved 1048576K
Event: 3150.614 GC heap after
Heap after GC invocations=29 (full 4):
 PSYoungGen      total 376832K, used 43733K [0x00000000e0000000, 0x00000000fe200000, 0x0000000100000000)
  eden space 332800K, 0% used [0x00000000e0000000,0x00000000e0000000,0x00000000f4500000)
  from space 44032K, 99% used [0x00000000f5080000,0x00000000f7b355e8,0x00000000f7b80000)
  to   space 80384K, 0% used [0x00000000f9380000,0x00000000f9380000,0x00000000fe200000)
 ParOldGen       total 242688K, used 81393K [0x00000000a0000000, 0x00000000aed00000, 0x00000000e0000000)
  object space 242688K, 33% used [0x00000000a0000000,0x00000000a4f7c638,0x00000000aed00000)
 Metaspace       used 143014K, capacity 150792K, committed 150932K, reserved 1181696K
  class space    used 18003K, capacity 19517K, committed 19644K, reserved 1048576K
}
Event: 3664.361 GC heap before
{Heap before GC invocations=30 (full 4):
 PSYoungGen      total 376832K, used 335376K [0x00000000e0000000, 0x00000000fe200000, 0x0000000100000000)
  eden space 332800K, 87% used [0x00000000e0000000,0x00000000f1cceaf8,0x00000000f4500000)
  from space 44032K, 99% used [0x00000000f5080000,0x00000000f7b355e8,0x00000000f7b80000)
  to   space 80384K, 0% used [0x00000000f9380000,0x00000000f9380000,0x00000000fe200000)
 ParOldGen       total 242688K, used 81393K [0x00000000a0000000, 0x00000000aed00000, 0x00000000e0000000)
  object space 242688K, 33% used [0x00000000a0000000,0x00000000a4f7c638,0x00000000aed00000)
 Metaspace       used 151102K, capacity 158820K, committed 158996K, reserved 1187840K
  class space    used 18887K, capacity 20423K, committed 20540K, reserved 1048576K
Event: 3664.412 GC heap after
Heap after GC invocations=30 (full 4):
 PSYoungGen      total 404992K, used 36122K [0x00000000e0000000, 0x00000000fda00000, 0x0000000100000000)
  eden space 332800K, 0% used [0x00000000e0000000,0x00000000e0000000,0x00000000f4500000)
  from space 72192K, 50% used [0x00000000f9380000,0x00000000fb6c6898,0x00000000fda00000)
  to   space 76288K, 0% used [0x00000000f4500000,0x00000000f4500000,0x00000000f8f80000)
 ParOldGen       total 242688K, used 81401K [0x00000000a0000000, 0x00000000aed00000, 0x00000000e0000000)
  object space 242688K, 33% used [0x00000000a0000000,0x00000000a4f7e638,0x00000000aed00000)
 Metaspace       used 151102K, capacity 158820K, committed 158996K, reserved 1187840K
  class space    used 18887K, capacity 20423K, committed 20540K, reserved 1048576K
}
Event: 3664.412 GC heap before
{Heap before GC invocations=31 (full 5):
 PSYoungGen      total 404992K, used 36122K [0x00000000e0000000, 0x00000000fda00000, 0x0000000100000000)
  eden space 332800K, 0% used [0x00000000e0000000,0x00000000e0000000,0x00000000f4500000)
  from space 72192K, 50% used [0x00000000f9380000,0x00000000fb6c6898,0x00000000fda00000)
  to   space 76288K, 0% used [0x00000000f4500000,0x00000000f4500000,0x00000000f8f80000)
 ParOldGen       total 242688K, used 81401K [0x00000000a0000000, 0x00000000aed00000, 0x00000000e0000000)
  object space 242688K, 33% used [0x00000000a0000000,0x00000000a4f7e638,0x00000000aed00000)
 Metaspace       used 151102K, capacity 158820K, committed 158996K, reserved 1187840K
  class space    used 18887K, capacity 20423K, committed 20540K, reserved 1048576K
Event: 3664.936 GC heap after
Heap after GC invocations=31 (full 5):
 PSYoungGen      total 404992K, used 0K [0x00000000e0000000, 0x00000000fda00000, 0x0000000100000000)
  eden space 332800K, 0% used [0x00000000e0000000,0x00000000e0000000,0x00000000f4500000)
  from space 72192K, 0% used [0x00000000f9380000,0x00000000f9380000,0x00000000fda00000)
  to   space 76288K, 0% used [0x00000000f4500000,0x00000000f4500000,0x00000000f8f80000)
 ParOldGen       total 242688K, used 80319K [0x00000000a0000000, 0x00000000aed00000, 0x00000000e0000000)
  object space 242688K, 33% used [0x00000000a0000000,0x00000000a4e6ff88,0x00000000aed00000)
 Metaspace       used 150018K, capacity 156882K, committed 158996K, reserved 1187840K
  class space    used 18667K, capacity 20027K, committed 20540K, reserved 1048576K
}
Event: 5865.075 GC heap before
{Heap before GC invocations=32 (full 5):
 PSYoungGen      total 404992K, used 332800K [0x00000000e0000000, 0x00000000fda00000, 0x0000000100000000)
  eden space 332800K, 100% used [0x00000000e0000000,0x00000000f4500000,0x00000000f4500000)
  from space 72192K, 0% used [0x00000000f9380000,0x00000000f9380000,0x00000000fda00000)
  to   space 76288K, 0% used [0x00000000f4500000,0x00000000f4500000,0x00000000f8f80000)
 ParOldGen       total 242688K, used 80319K [0x00000000a0000000, 0x00000000aed00000, 0x00000000e0000000)
  object space 242688K, 33% used [0x00000000a0000000,0x00000000a4e6ff88,0x00000000aed00000)
 Metaspace       used 150359K, capacity 157358K, committed 159252K, reserved 1187840K
  class space    used 18699K, capacity 20063K, committed 20540K, reserved 1048576K

